0 info it worked if it ends with ok
1 verbose cli [ 'C:\\Program Files\\nodejs\\\\node.exe',
1 verbose cli   'C:\\Program Files\\nodejs\\node_modules\\npm\\bin\\npm-cli.js',
1 verbose cli   'uninstall',
1 verbose cli   'less',
1 verbose cli   '-g' ]
2 info using npm@3.2.0
3 info using node@v0.12.4
4 silly loadCurrentTree Starting
5 silly install loadCurrentTree
6 silly install readGlobalPackageData
7 silly install normalizeTree
8 silly loadCurrentTree Finishing
9 silly loadIdealTree Starting
10 silly install loadIdealTree
11 silly cloneCurrentTree Starting
12 silly install cloneCurrentTreeToIdealTree
13 silly cloneCurrentTree Finishing
14 silly loadShrinkwrap Starting
15 silly install loadShrinkwrap
16 silly loadShrinkwrap Finishing
17 silly loadAllDepsIntoIdealTree Starting
18 silly uninstall loadAllDepsIntoIdealtree
19 silly loadAllDepsIntoIdealTree Finishing
20 silly idealTree:prePrune C:\Program Files\nodejs
21 silly loadIdealTree Finishing
22 silly currentTree C:\Program Files\nodejs
23 silly idealTree C:\Program Files\nodejs
24 silly generateActionsToTake Starting
25 silly install generateActionsToTake
26 silly generateActionsToTake Finishing
27 silly diffTrees action count 0
28 silly decomposeActions action count 0
29 silly executeActions Starting
30 silly install executeActions
31 silly doSerial global-install 0
32 silly doParallel fetch 0
33 verbose lock using C:\Users\Aaroh\AppData\Roaming\npm-cache\_locks\staging-dfd8fbf9c1feea0f.lock for C:\Program Files\nodejs\node_modules\.staging
34 verbose unlock done using C:\Users\Aaroh\AppData\Roaming\npm-cache\_locks\staging-dfd8fbf9c1feea0f.lock for C:\Program Files\nodejs\node_modules\.staging
35 silly rollbackFailedOptional Starting
36 silly rollbackFailedOptional Finishing
37 silly runTopLevelLifecycles Starting
38 silly runTopLevelLifecycles Finishing
39 silly install printInstalled
40 warn EPACKAGEJSON C:\Program Files\nodejs No description
41 warn EPACKAGEJSON C:\Program Files\nodejs No repository field.
42 warn EPACKAGEJSON C:\Program Files\nodejs No README data
43 warn EPACKAGEJSON C:\Program Files\nodejs No license field.
44 verbose stack Error: EPERM, mkdir 'C:\Program Files\nodejs\node_modules\.staging'
44 verbose stack     at Error (native)
45 verbose cwd C:\Users\Aaroh\Documents\Github\aarohmankad.github.io\css
46 error Windows_NT 6.3.9600
47 error argv "C:\\Program Files\\nodejs\\\\node.exe" "C:\\Program Files\\nodejs\\node_modules\\npm\\bin\\npm-cli.js" "uninstall" "less" "-g"
48 error node v0.12.4
49 error npm  v3.2.0
50 error path C:\Program Files\nodejs\node_modules\.staging
51 error code EPERM
52 error errno -4048
53 error Error: EPERM, mkdir 'C:\Program Files\nodejs\node_modules\.staging'
53 error     at Error (native)
53 error  { [Error: EPERM, mkdir 'C:\Program Files\nodejs\node_modules\.staging']
53 error   errno: -4048,
53 error   code: 'EPERM',
53 error   path: 'C:\\Program Files\\nodejs\\node_modules\\.staging' }
54 error Please try running this command again as root/Administrator.
55 verbose exit [ -4048, true ]
